// memory
80003458:memset
80003540:memcpy

// m_Do_ext.o
// text
8000EDF4:getArchiveHeapPtr

// d_stage
800266A4:roomTresureInit
80027D04:setTresure
80024EFC:ActorCreate
80025A38:actorInit
80025B24:actorInit_always
8002586C:actorCommonLayerInit

// data
80450C34:archiveHeap

// d_save.o
80032AA8:getRupeeMax
800350BC:getSave
800350F0:putSave
8003498C:onEventBit
800349A4:offEventBit

// d_event.o
80042778:defaultSkipStb
800429D4:skipper

// DynamicLink.o
80262C5C:do_link

// f_op_scene_req.o
// data
80450614:freezeActors
80450CE0:isLoading

// f_ap_game.o
80018A6C:fapGm_Execute

// f_op_actor_mng.o
8001BBE8:createItemForPresentDemo
8001BC74:createItemForTrBoxDemo
8001C0D4:createItemForBoss
8001C174:createItemForMidBoss
8001C1B8:createItemForDirectGet
80019AA8:CreateAppend

// f_pc_node_req
803A3A38:l_fpcNdRq_Queue

// d_map_path_dmap.o
8003EE5C:getMapPlayerPos

// d_item.o
80097EE0:checkItemGet
803AF178:item_func_ptr
803AF578:item_getcheck_func_ptr

// d_a_alink.h
800B271C:setStickData
800BB4B8:checkHeavyStateOn
8011A6FC:checkTreasureRupeeReturn
8011E9F8:procGanonFinishInit
8011EA78:procGanonFinish

// data
8038EB8C:ladderVars

// d_menu_collect.o
801B3340:setWalletMaxNum

// JKRExpHeap.o
802CF128:do_alloc_JKRExpHeap
802CF7AC:do_free_JKRExpHeap

// Card 
80353AC8:CARDInit
803568F4:CARDCheck
803572F4:CARDMount
803573d8:CARDUnmount
803588CC:CARDRead
80358C48:CARDWrite
803580B4:CARDClose
80357F98:CARDOpen
80356A4C:CARDProbeEx

// OSCache.o
// 8033B56C:DCEnable
// 8033B580:DCInvalidateRange
8033B5AC:DCFlushRange
// 8033B5DC:DCStoreRange
// 8033B60C:DCFlushRangeNoSync
// 8033B638:DCStoreRangeNoSync
// 8033B664:DCZeroRange
8033B690:ICInvalidateRange
// 8033B6C4:ICFlashInvalidate
// 8033B6D4:ICEnable
// 8033B6E8:__LCEnable
// 8033B7B4:LCEnable
// 8033B7EC:LCDisable
// 8033B814:LCStoreBlocks
// 8033B838:LCStoreData
// 8033B8E4:LCQueueWait
// 8033B8F8:L2GlobalInvalidate
// 8033B990:DMAErrorHandler
// 8033BAF0:__OSCacheInit

// runtime.o
80362108:_savefpr_14
8036210C:_savefpr_15
80362110:_savefpr_16
80362114:_savefpr_17
80362118:_savefpr_18
8036211C:_savefpr_19
80362120:_savefpr_20
80362124:_savefpr_21
80362128:_savefpr_22
8036212C:_savefpr_23
80362130:_savefpr_24
80362134:_savefpr_25
80362138:_savefpr_26
8036213C:_savefpr_27
80362140:_savefpr_28
80362144:_savefpr_29
80362148:_savefpr_30
8036214C:_savefpr_31
803621A0:_savegpr_14
803621A4:_savegpr_15
803621A8:_savegpr_16
803621AC:_savegpr_17
803621B0:_savegpr_18
803621B4:_savegpr_19
803621B8:_savegpr_20
803621BC:_savegpr_21
803621C0:_savegpr_22
803621C4:_savegpr_23
803621C8:_savegpr_24
803621CC:_savegpr_25
803621D0:_savegpr_26
803621D4:_savegpr_27
803621D8:_savegpr_28
803621DC:_savegpr_29
803621E0:_savegpr_30
803621E4:_savegpr_31
80362238:__udivdi3
80362324:__divdi3
8036245C:__umoddi3
80362540:__moddi3
8036264C:__ashldi3
80362670:__lshrdi3
80362694:__ashrdi3
803626BC:__floatdisf
80362770:__fixsfdi
80362770:__fixdfdi
80362770:__fixunssfdi
80362770:__fixunsdfdi

// mem.o
8036608C:memcmp

// printf.o
803664DC:sprintf
803665BC:snprintf

// string.o
80368994:strcmp
80368AE8:strncpy
80368B2C:strcpy

// m_Do_controller_pad.o
// data
803DD2E8:cpadInfo

// d_com_inf_game.o
// data
804061C0:dComIfG_gameInfo

// d_kankyo.o
// data
8042CA54:env_light

// JFWSystem.o
// data
804511B8:systemConsole

// Z2SceneMgr.o
802B9B68:sceneChange

// Z2SeqMgr.o
802B4EB0:startBattleBgm

//JKRDvdRipper.o
802d9c54:loadToMainRAM2

//dvdfs.o
80348528:DVDConvertPathToEntrynum
